{
  "stats": {
    "suites": 1,
    "tests": 6,
    "passes": 6,
    "pending": 0,
    "failures": 0,
    "start": "2021-12-20T14:30:56.439Z",
    "end": "2021-12-20T14:31:02.604Z",
    "duration": 6165,
    "testsRegistered": 6,
    "passPercent": 100,
    "pendingPercent": 0,
    "other": 0,
    "hasOther": false,
    "skipped": 0,
    "hasSkipped": false
  },
  "results": [
    {
      "uuid": "568e4a28-522f-4d8c-af87-1f1356f58ff2",
      "title": "",
      "fullFile": "src/components/ColumnList/ColumnList.spec.tsx",
      "file": "src/components/ColumnList/ColumnList.spec.tsx",
      "beforeHooks": [],
      "afterHooks": [],
      "tests": [],
      "suites": [
        {
          "uuid": "ee205957-2249-4e70-8b83-f809baf2c074",
          "title": "Columnlist",
          "fullFile": "",
          "file": "",
          "beforeHooks": [],
          "afterHooks": [],
          "tests": [
            {
              "title": "should have the correct number of dropdown items",
              "fullTitle": "Columnlist should have the correct number of dropdown items",
              "timedOut": null,
              "duration": 389,
              "state": "passed",
              "speed": "slow",
              "pass": true,
              "fail": false,
              "pending": false,
              "context": null,
              "code": "cy.get(\".MuiSelect-select\").click();\ncy.get(\"li\").should(\"have.length\", 5);",
              "err": {},
              "uuid": "ac421a5e-1a33-4d1e-b80d-6369e23ccdf3",
              "parentUUID": "ee205957-2249-4e70-8b83-f809baf2c074",
              "isHook": false,
              "skipped": false
            },
            {
              "title": "varchar list should have correct count",
              "fullTitle": "Columnlist varchar list should have correct count",
              "timedOut": null,
              "duration": 1234,
              "state": "passed",
              "speed": "slow",
              "pass": true,
              "fail": false,
              "pending": false,
              "context": null,
              "code": "cy.get(\"input[type=text]\").first().type(\"firstName\");\ncy.get(\".MuiSelect-select\").click();\ncy.contains(\"VarChar\").click();\ncy.contains(\"Add To List\").click();\ncy.get(\".MuiSelect-select\").eq(1).click();\ncy.get(\"li\").should(\"have.length\", 9);",
              "err": {},
              "uuid": "1e1dbe7b-50f7-42cc-9fe2-03d9c885ac8d",
              "parentUUID": "ee205957-2249-4e70-8b83-f809baf2c074",
              "isHook": false,
              "skipped": false
            },
            {
              "title": "boolean list should have correct count",
              "fullTitle": "Columnlist boolean list should have correct count",
              "timedOut": null,
              "duration": 1204,
              "state": "passed",
              "speed": "slow",
              "pass": true,
              "fail": false,
              "pending": false,
              "context": null,
              "code": "cy.get(\"input[type=text]\").first().type(\"isActive\");\ncy.get(\".MuiSelect-select\").click();\ncy.contains(\"Boolean\").click();\ncy.contains(\"Add To List\").click();\ncy.get(\".MuiSelect-select\").eq(1).click();\ncy.get(\"li\").should(\"have.length\", 4);",
              "err": {},
              "uuid": "14bab5d0-b9e0-4ec3-adf5-b3cc904a2d31",
              "parentUUID": "ee205957-2249-4e70-8b83-f809baf2c074",
              "isHook": false,
              "skipped": false
            },
            {
              "title": "integer list should have correct count",
              "fullTitle": "Columnlist integer list should have correct count",
              "timedOut": null,
              "duration": 1021,
              "state": "passed",
              "speed": "slow",
              "pass": true,
              "fail": false,
              "pending": false,
              "context": null,
              "code": "cy.get(\"input[type=text]\").first().type(\"count\");\ncy.get(\".MuiSelect-select\").click();\ncy.contains(\"Integer\").click();\ncy.contains(\"Add To List\").click();\ncy.get(\".MuiSelect-select\").eq(1).click();\ncy.get(\"li\").should(\"have.length\", 7);",
              "err": {},
              "uuid": "19fd1924-b67c-4fa9-a3a5-c51faf99cdc8",
              "parentUUID": "ee205957-2249-4e70-8b83-f809baf2c074",
              "isHook": false,
              "skipped": false
            },
            {
              "title": "date list should have correct count",
              "fullTitle": "Columnlist date list should have correct count",
              "timedOut": null,
              "duration": 1167,
              "state": "passed",
              "speed": "slow",
              "pass": true,
              "fail": false,
              "pending": false,
              "context": null,
              "code": "cy.get(\"input[type=text]\").first().type(\"start date\");\ncy.get(\".MuiSelect-select\").click();\ncy.contains(\"Date\").click();\ncy.contains(\"Add To List\").click();\ncy.get(\".MuiSelect-select\").eq(1).click();\ncy.get(\"li\").should(\"have.length\", 6);",
              "err": {},
              "uuid": "2e85c4b7-41ba-4ed9-b229-36d9b1bcaea9",
              "parentUUID": "ee205957-2249-4e70-8b83-f809baf2c074",
              "isHook": false,
              "skipped": false
            },
            {
              "title": "collection list should have correct count",
              "fullTitle": "Columnlist collection list should have correct count",
              "timedOut": null,
              "duration": 1076,
              "state": "passed",
              "speed": "slow",
              "pass": true,
              "fail": false,
              "pending": false,
              "context": null,
              "code": "cy.get(\"input[type=text]\").first().type(\"nameList\");\ncy.get(\".MuiSelect-select\").click();\ncy.contains(\"Collection\").click();\ncy.contains(\"Add To List\").click();\ncy.get(\".MuiSelect-select\").eq(1).click();\ncy.get(\"li\").should(\"have.length\", 2);",
              "err": {},
              "uuid": "33f36e10-68aa-4693-906f-0d74ff383064",
              "parentUUID": "ee205957-2249-4e70-8b83-f809baf2c074",
              "isHook": false,
              "skipped": false
            }
          ],
          "suites": [],
          "passes": [
            "ac421a5e-1a33-4d1e-b80d-6369e23ccdf3",
            "1e1dbe7b-50f7-42cc-9fe2-03d9c885ac8d",
            "14bab5d0-b9e0-4ec3-adf5-b3cc904a2d31",
            "19fd1924-b67c-4fa9-a3a5-c51faf99cdc8",
            "2e85c4b7-41ba-4ed9-b229-36d9b1bcaea9",
            "33f36e10-68aa-4693-906f-0d74ff383064"
          ],
          "failures": [],
          "pending": [],
          "skipped": [],
          "duration": 6091,
          "root": false,
          "rootEmpty": false,
          "_timeout": 2000
        }
      ],
      "passes": [],
      "failures": [],
      "pending": [],
      "skipped": [],
      "duration": 0,
      "root": true,
      "rootEmpty": true,
      "_timeout": 2000
    }
  ],
  "meta": {
    "mocha": {
      "version": "7.0.1"
    },
    "mochawesome": {
      "options": {
        "quiet": false,
        "reportFilename": "mochawesome",
        "saveHtml": false,
        "saveJson": true,
        "consoleReporter": "spec",
        "useInlineDiffs": false,
        "code": true
      },
      "version": "7.0.1"
    },
    "marge": {
      "options": {
        "reportDir": "cypress/report/mochawesome-report",
        "overwrite": false,
        "html": false,
        "json": true,
        "timestamp": "mmddyyyy_HHMMss"
      },
      "version": "6.0.1"
    }
  }
}