{
  "stats": {
    "suites": 1,
    "tests": 6,
    "passes": 6,
    "pending": 0,
    "failures": 0,
    "start": "2021-12-20T14:29:05.092Z",
    "end": "2021-12-20T14:29:09.183Z",
    "duration": 4091,
    "testsRegistered": 6,
    "passPercent": 100,
    "pendingPercent": 0,
    "other": 0,
    "hasOther": false,
    "skipped": 0,
    "hasSkipped": false
  },
  "results": [
    {
      "uuid": "2b2c2d86-99ee-4892-853d-fc6080ad8b99",
      "title": "",
      "fullFile": "cypress/integration/JPADQG/boolean.spec.js",
      "file": "cypress/integration/JPADQG/boolean.spec.js",
      "beforeHooks": [],
      "afterHooks": [],
      "tests": [],
      "suites": [
        {
          "uuid": "aa7ff242-e7f2-4caa-8c95-ab2638192626",
          "title": "Boolean Test",
          "fullFile": "",
          "file": "",
          "beforeHooks": [],
          "afterHooks": [],
          "tests": [
            {
              "title": "Visits the website",
              "fullTitle": "Boolean Test Visits the website",
              "timedOut": null,
              "duration": 1339,
              "state": "passed",
              "speed": "fast",
              "pass": true,
              "fail": false,
              "pending": false,
              "context": null,
              "code": "cy.visit('http://localhost:3000');",
              "err": {},
              "uuid": "8881fc3e-4712-449a-814c-992ec44fb210",
              "parentUUID": "aa7ff242-e7f2-4caa-8c95-ab2638192626",
              "isHook": false,
              "skipped": false
            },
            {
              "title": "Fills in the column name",
              "fullTitle": "Boolean Test Fills in the column name",
              "timedOut": null,
              "duration": 486,
              "state": "passed",
              "speed": "fast",
              "pass": true,
              "fail": false,
              "pending": false,
              "context": null,
              "code": "cy.get('input[type=text]').first().type('isActive');",
              "err": {},
              "uuid": "ae1e42dd-5e29-471e-9b90-122bfc47b198",
              "parentUUID": "aa7ff242-e7f2-4caa-8c95-ab2638192626",
              "isHook": false,
              "skipped": false
            },
            {
              "title": "Sets the type to Integer",
              "fullTitle": "Boolean Test Sets the type to Integer",
              "timedOut": null,
              "duration": 410,
              "state": "passed",
              "speed": "fast",
              "pass": true,
              "fail": false,
              "pending": false,
              "context": null,
              "code": "cy.get('.MuiSelect-select').click();\ncy.contains('Boolean').click();",
              "err": {},
              "uuid": "e15a68a6-b600-46b3-89c5-73a1a3bd5edb",
              "parentUUID": "aa7ff242-e7f2-4caa-8c95-ab2638192626",
              "isHook": false,
              "skipped": false
            },
            {
              "title": "Adds to list",
              "fullTitle": "Boolean Test Adds to list",
              "timedOut": null,
              "duration": 386,
              "state": "passed",
              "speed": "fast",
              "pass": true,
              "fail": false,
              "pending": false,
              "context": null,
              "code": "cy.contains('Add To List').click();",
              "err": {},
              "uuid": "64c44297-9f04-4f28-baba-a6421ed59ab0",
              "parentUUID": "aa7ff242-e7f2-4caa-8c95-ab2638192626",
              "isHook": false,
              "skipped": false
            },
            {
              "title": "Sets the query type to is/equals",
              "fullTitle": "Boolean Test Sets the query type to is/equals",
              "timedOut": null,
              "duration": 403,
              "state": "passed",
              "speed": "fast",
              "pass": true,
              "fail": false,
              "pending": false,
              "context": null,
              "code": "cy.get('.MuiSelect-select').eq(1).click();\ncy.contains('Is True').click();",
              "err": {},
              "uuid": "38e725f9-7a29-4626-862f-bd744fcc086b",
              "parentUUID": "aa7ff242-e7f2-4caa-8c95-ab2638192626",
              "isHook": false,
              "skipped": false
            },
            {
              "title": "Should have the correct query in the query area",
              "fullTitle": "Boolean Test Should have the correct query in the query area",
              "timedOut": null,
              "duration": 22,
              "state": "passed",
              "speed": "fast",
              "pass": true,
              "fail": false,
              "pending": false,
              "context": null,
              "code": "cy.contains('findByIsActiveTrue()(Boolean isActive)').should('exist');",
              "err": {},
              "uuid": "27cfd63b-69d1-404b-baf7-9728ed4e32b7",
              "parentUUID": "aa7ff242-e7f2-4caa-8c95-ab2638192626",
              "isHook": false,
              "skipped": false
            }
          ],
          "suites": [],
          "passes": [
            "8881fc3e-4712-449a-814c-992ec44fb210",
            "ae1e42dd-5e29-471e-9b90-122bfc47b198",
            "e15a68a6-b600-46b3-89c5-73a1a3bd5edb",
            "64c44297-9f04-4f28-baba-a6421ed59ab0",
            "38e725f9-7a29-4626-862f-bd744fcc086b",
            "27cfd63b-69d1-404b-baf7-9728ed4e32b7"
          ],
          "failures": [],
          "pending": [],
          "skipped": [],
          "duration": 3046,
          "root": false,
          "rootEmpty": false,
          "_timeout": 2000
        }
      ],
      "passes": [],
      "failures": [],
      "pending": [],
      "skipped": [],
      "duration": 0,
      "root": true,
      "rootEmpty": true,
      "_timeout": 2000
    }
  ],
  "meta": {
    "mocha": {
      "version": "7.0.1"
    },
    "mochawesome": {
      "options": {
        "quiet": false,
        "reportFilename": "mochawesome",
        "saveHtml": false,
        "saveJson": true,
        "consoleReporter": "spec",
        "useInlineDiffs": false,
        "code": true
      },
      "version": "7.0.1"
    },
    "marge": {
      "options": {
        "reportDir": "cypress/report/mochawesome-report",
        "overwrite": false,
        "html": false,
        "json": true,
        "timestamp": "mmddyyyy_HHMMss"
      },
      "version": "6.0.1"
    }
  }
}