{
  "stats": {
    "suites": 1,
    "tests": 6,
    "passes": 6,
    "pending": 0,
    "failures": 0,
    "start": "2021-12-20T14:29:12.074Z",
    "end": "2021-12-20T14:29:15.821Z",
    "duration": 3747,
    "testsRegistered": 6,
    "passPercent": 100,
    "pendingPercent": 0,
    "other": 0,
    "hasOther": false,
    "skipped": 0,
    "hasSkipped": false
  },
  "results": [
    {
      "uuid": "3923a9ce-b595-4c86-a8d5-1a9b564fae66",
      "title": "",
      "fullFile": "cypress/integration/JPADQG/collection.spec.js",
      "file": "cypress/integration/JPADQG/collection.spec.js",
      "beforeHooks": [],
      "afterHooks": [],
      "tests": [],
      "suites": [
        {
          "uuid": "8580dfb5-2473-4fba-b196-3649fe368964",
          "title": "Collection Test",
          "fullFile": "",
          "file": "",
          "beforeHooks": [],
          "afterHooks": [],
          "tests": [
            {
              "title": "Visits the website",
              "fullTitle": "Collection Test Visits the website",
              "timedOut": null,
              "duration": 1179,
              "state": "passed",
              "speed": "fast",
              "pass": true,
              "fail": false,
              "pending": false,
              "context": null,
              "code": "cy.visit('http://localhost:3000');",
              "err": {},
              "uuid": "3101eaff-f60c-43bf-9147-b1ef9f18f795",
              "parentUUID": "8580dfb5-2473-4fba-b196-3649fe368964",
              "isHook": false,
              "skipped": false
            },
            {
              "title": "Fills in the column name",
              "fullTitle": "Collection Test Fills in the column name",
              "timedOut": null,
              "duration": 461,
              "state": "passed",
              "speed": "fast",
              "pass": true,
              "fail": false,
              "pending": false,
              "context": null,
              "code": "cy.get('input[type=text]').first().type('itemList');",
              "err": {},
              "uuid": "c7aa1bf7-b817-4af4-9259-22ef8c55fcf8",
              "parentUUID": "8580dfb5-2473-4fba-b196-3649fe368964",
              "isHook": false,
              "skipped": false
            },
            {
              "title": "Sets the type to Integer",
              "fullTitle": "Collection Test Sets the type to Integer",
              "timedOut": null,
              "duration": 381,
              "state": "passed",
              "speed": "fast",
              "pass": true,
              "fail": false,
              "pending": false,
              "context": null,
              "code": "cy.get('.MuiSelect-select').click();\ncy.contains('Collection').click();",
              "err": {},
              "uuid": "17d5d485-1b74-4329-b4b8-ce52b73cc778",
              "parentUUID": "8580dfb5-2473-4fba-b196-3649fe368964",
              "isHook": false,
              "skipped": false
            },
            {
              "title": "Adds to list",
              "fullTitle": "Collection Test Adds to list",
              "timedOut": null,
              "duration": 387,
              "state": "passed",
              "speed": "fast",
              "pass": true,
              "fail": false,
              "pending": false,
              "context": null,
              "code": "cy.contains('Add To List').click();",
              "err": {},
              "uuid": "6bddc65a-d8b6-4806-8e1e-60ddd46058d6",
              "parentUUID": "8580dfb5-2473-4fba-b196-3649fe368964",
              "isHook": false,
              "skipped": false
            },
            {
              "title": "Sets the query type to is/equals",
              "fullTitle": "Collection Test Sets the query type to is/equals",
              "timedOut": null,
              "duration": 307,
              "state": "passed",
              "speed": "fast",
              "pass": true,
              "fail": false,
              "pending": false,
              "context": null,
              "code": "cy.get('.MuiSelect-select').eq(1).click();\ncy.contains('Is In').click();",
              "err": {},
              "uuid": "2c1cac5e-4163-48e6-ba98-eb921ff7ca30",
              "parentUUID": "8580dfb5-2473-4fba-b196-3649fe368964",
              "isHook": false,
              "skipped": false
            },
            {
              "title": "Should have the correct query in the query area",
              "fullTitle": "Collection Test Should have the correct query in the query area",
              "timedOut": null,
              "duration": 36,
              "state": "passed",
              "speed": "fast",
              "pass": true,
              "fail": false,
              "pending": false,
              "context": null,
              "code": "cy.contains('findByItemListIn(Collection<itemList> itemList)').should('exist');",
              "err": {},
              "uuid": "09514821-f700-4d50-83f5-a8dfc60d3943",
              "parentUUID": "8580dfb5-2473-4fba-b196-3649fe368964",
              "isHook": false,
              "skipped": false
            }
          ],
          "suites": [],
          "passes": [
            "3101eaff-f60c-43bf-9147-b1ef9f18f795",
            "c7aa1bf7-b817-4af4-9259-22ef8c55fcf8",
            "17d5d485-1b74-4329-b4b8-ce52b73cc778",
            "6bddc65a-d8b6-4806-8e1e-60ddd46058d6",
            "2c1cac5e-4163-48e6-ba98-eb921ff7ca30",
            "09514821-f700-4d50-83f5-a8dfc60d3943"
          ],
          "failures": [],
          "pending": [],
          "skipped": [],
          "duration": 2751,
          "root": false,
          "rootEmpty": false,
          "_timeout": 2000
        }
      ],
      "passes": [],
      "failures": [],
      "pending": [],
      "skipped": [],
      "duration": 0,
      "root": true,
      "rootEmpty": true,
      "_timeout": 2000
    }
  ],
  "meta": {
    "mocha": {
      "version": "7.0.1"
    },
    "mochawesome": {
      "options": {
        "quiet": false,
        "reportFilename": "mochawesome",
        "saveHtml": false,
        "saveJson": true,
        "consoleReporter": "spec",
        "useInlineDiffs": false,
        "code": true
      },
      "version": "7.0.1"
    },
    "marge": {
      "options": {
        "reportDir": "cypress/report/mochawesome-report",
        "overwrite": false,
        "html": false,
        "json": true,
        "timestamp": "mmddyyyy_HHMMss"
      },
      "version": "6.0.1"
    }
  }
}