{
  "stats": {
    "suites": 1,
    "tests": 6,
    "passes": 6,
    "pending": 0,
    "failures": 0,
    "start": "2021-12-20T14:29:18.504Z",
    "end": "2021-12-20T14:29:22.407Z",
    "duration": 3903,
    "testsRegistered": 6,
    "passPercent": 100,
    "pendingPercent": 0,
    "other": 0,
    "hasOther": false,
    "skipped": 0,
    "hasSkipped": false
  },
  "results": [
    {
      "uuid": "b39bd139-f5eb-40e6-939d-e2e924b5db0f",
      "title": "",
      "fullFile": "cypress/integration/JPADQG/date.spec.js",
      "file": "cypress/integration/JPADQG/date.spec.js",
      "beforeHooks": [],
      "afterHooks": [],
      "tests": [],
      "suites": [
        {
          "uuid": "6b64041b-4a0b-4a7c-b217-c1e03c7116d9",
          "title": "Date Test",
          "fullFile": "",
          "file": "",
          "beforeHooks": [],
          "afterHooks": [],
          "tests": [
            {
              "title": "Visits the website",
              "fullTitle": "Date Test Visits the website",
              "timedOut": null,
              "duration": 1212,
              "state": "passed",
              "speed": "fast",
              "pass": true,
              "fail": false,
              "pending": false,
              "context": null,
              "code": "cy.visit('http://localhost:3000');",
              "err": {},
              "uuid": "53ef4969-43b9-403b-ae32-2c6604b8ae33",
              "parentUUID": "6b64041b-4a0b-4a7c-b217-c1e03c7116d9",
              "isHook": false,
              "skipped": false
            },
            {
              "title": "Fills in the column name",
              "fullTitle": "Date Test Fills in the column name",
              "timedOut": null,
              "duration": 488,
              "state": "passed",
              "speed": "fast",
              "pass": true,
              "fail": false,
              "pending": false,
              "context": null,
              "code": "cy.get('input[type=text]').first().type('signUpDate');",
              "err": {},
              "uuid": "3dfe80e9-66f5-4f47-8048-c4aa030da386",
              "parentUUID": "6b64041b-4a0b-4a7c-b217-c1e03c7116d9",
              "isHook": false,
              "skipped": false
            },
            {
              "title": "Sets the type to Integer",
              "fullTitle": "Date Test Sets the type to Integer",
              "timedOut": null,
              "duration": 349,
              "state": "passed",
              "speed": "fast",
              "pass": true,
              "fail": false,
              "pending": false,
              "context": null,
              "code": "cy.get('.MuiSelect-select').click();\ncy.contains('Date').click();",
              "err": {},
              "uuid": "d7bffa3b-159d-4fb3-8463-1f98c548ae84",
              "parentUUID": "6b64041b-4a0b-4a7c-b217-c1e03c7116d9",
              "isHook": false,
              "skipped": false
            },
            {
              "title": "Adds to list",
              "fullTitle": "Date Test Adds to list",
              "timedOut": null,
              "duration": 405,
              "state": "passed",
              "speed": "fast",
              "pass": true,
              "fail": false,
              "pending": false,
              "context": null,
              "code": "cy.contains('Add To List').click();",
              "err": {},
              "uuid": "45a2eea4-eafc-43ed-bcd2-28c1d35871c5",
              "parentUUID": "6b64041b-4a0b-4a7c-b217-c1e03c7116d9",
              "isHook": false,
              "skipped": false
            },
            {
              "title": "Sets the query type to is/equals",
              "fullTitle": "Date Test Sets the query type to is/equals",
              "timedOut": null,
              "duration": 469,
              "state": "passed",
              "speed": "fast",
              "pass": true,
              "fail": false,
              "pending": false,
              "context": null,
              "code": "cy.get('.MuiSelect-select').eq(1).click();\ncy.contains('Is Between').click();",
              "err": {},
              "uuid": "b401c960-e6de-4605-861d-5aa3efcfbf46",
              "parentUUID": "6b64041b-4a0b-4a7c-b217-c1e03c7116d9",
              "isHook": false,
              "skipped": false
            },
            {
              "title": "Should have the correct query in the query area",
              "fullTitle": "Date Test Should have the correct query in the query area",
              "timedOut": null,
              "duration": 24,
              "state": "passed",
              "speed": "fast",
              "pass": true,
              "fail": false,
              "pending": false,
              "context": null,
              "code": "cy.contains('findBySignUpDateBetween(Date startSignUpDate, Date endSignUpDate)').should('exist');",
              "err": {},
              "uuid": "eb4d9717-06ec-4331-944c-5553832b36c9",
              "parentUUID": "6b64041b-4a0b-4a7c-b217-c1e03c7116d9",
              "isHook": false,
              "skipped": false
            }
          ],
          "suites": [],
          "passes": [
            "53ef4969-43b9-403b-ae32-2c6604b8ae33",
            "3dfe80e9-66f5-4f47-8048-c4aa030da386",
            "d7bffa3b-159d-4fb3-8463-1f98c548ae84",
            "45a2eea4-eafc-43ed-bcd2-28c1d35871c5",
            "b401c960-e6de-4605-861d-5aa3efcfbf46",
            "eb4d9717-06ec-4331-944c-5553832b36c9"
          ],
          "failures": [],
          "pending": [],
          "skipped": [],
          "duration": 2947,
          "root": false,
          "rootEmpty": false,
          "_timeout": 2000
        }
      ],
      "passes": [],
      "failures": [],
      "pending": [],
      "skipped": [],
      "duration": 0,
      "root": true,
      "rootEmpty": true,
      "_timeout": 2000
    }
  ],
  "meta": {
    "mocha": {
      "version": "7.0.1"
    },
    "mochawesome": {
      "options": {
        "quiet": false,
        "reportFilename": "mochawesome",
        "saveHtml": false,
        "saveJson": true,
        "consoleReporter": "spec",
        "useInlineDiffs": false,
        "code": true
      },
      "version": "7.0.1"
    },
    "marge": {
      "options": {
        "reportDir": "cypress/report/mochawesome-report",
        "overwrite": false,
        "html": false,
        "json": true,
        "timestamp": "mmddyyyy_HHMMss"
      },
      "version": "6.0.1"
    }
  }
}